1595057934154	mozrunner::runner	INFO	Running command: "/usr/bin/firefox" "-marionette" "-headless" "-foreground" "-no-remote" "-profile" "/tmp/rust_mozprofilezozm25"
*** You are running in headless mode.
1595057936257	Marionette	INFO	Listening on port 34275
1595057936260	Marionette	WARN	TLS certificate errors will be ignored for this session
1595057938164	Marionette	INFO	Stopped listening on port 34275
1595057950563	mozrunner::runner	INFO	Running command: "/usr/bin/firefox" "-marionette" "-headless" "-foreground" "-no-remote" "-profile" "/tmp/rust_mozprofileX5mWqb"
*** You are running in headless mode.
1595057952598	Marionette	INFO	Listening on port 40305
1595057952670	Marionette	WARN	TLS certificate errors will be ignored for this session
1595057956484	Marionette	INFO	Stopped listening on port 40305
1595057959001	mozrunner::runner	INFO	Running command: "/usr/bin/firefox" "-marionette" "-headless" "-foreground" "-no-remote" "-profile" "/tmp/rust_mozprofilesHlwht"
*** You are running in headless mode.
1595057960961	Marionette	INFO	Listening on port 39863
1595057961016	Marionette	WARN	TLS certificate errors will be ignored for this session
JavaScript warning: http://fs.jtbc.joins.com/common/ui/js/toplogomenuNEWS.js?v=20190925001, line 1194: unreachable code after return statement
JavaScript warning: http://fs.jtbc.joins.com/common/ui/js/toplogomenuNEWS.js?v=20190925001, line 1194: unreachable code after return statement
1595057966770	Marionette	INFO	Stopped listening on port 39863
1595057972310	mozrunner::runner	INFO	Running command: "/usr/bin/firefox" "-marionette" "-headless" "-foreground" "-no-remote" "-profile" "/tmp/rust_mozprofileVcMOpQ"
*** You are running in headless mode.
1595057974534	Marionette	INFO	Listening on port 34049
1595057974617	Marionette	WARN	TLS certificate errors will be ignored for this session
1595057981250	Marionette	INFO	Stopped listening on port 34049
1595057991653	mozrunner::runner	INFO	Running command: "/usr/bin/firefox" "-marionette" "-headless" "-foreground" "-no-remote" "-profile" "/tmp/rust_mozprofilev4ZyFW"
*** You are running in headless mode.
1595057993764	Marionette	INFO	Listening on port 36253
1595057993860	Marionette	WARN	TLS certificate errors will be ignored for this session
1595057997379	Marionette	INFO	Stopped listening on port 36253
1595058003760	mozrunner::runner	INFO	Running command: "/usr/bin/firefox" "-marionette" "-headless" "-foreground" "-no-remote" "-profile" "/tmp/rust_mozprofileIwI949"
*** You are running in headless mode.
1595058005887	Marionette	INFO	Listening on port 45341
1595058005966	Marionette	WARN	TLS certificate errors will be ignored for this session
JavaScript warning: https://cdn.vidible.tv/prod/player/js/latest/vidible-min.js?ver=20200718, line 58: WebGL warning: <Create>: getContext: Disallowing antialiased backbuffers due to blacklisting. (FEATURE_FAILURE_GLXTEST_FAILED)
JavaScript warning: https://cdn.vidible.tv/prod/player/js/latest/vidible-min.js?ver=20200718, line 58: WebGL warning: <Create>: Can't use WebGL in headless mode (https://bugzil.la/1375585).
JavaScript warning: https://cdn.vidible.tv/prod/player/js/latest/vidible-min.js?ver=20200718, line 58: Failed to create WebGL context: WebGL creation failed: 
* Can't use WebGL in headless mode (https://bugzil.la/1375585).
JavaScript warning: https://cdn.vidible.tv/prod/player/js/latest/vidible-min.js?ver=20200718, line 58: WebGL warning: <Create>: getContext: Disallowing antialiased backbuffers due to blacklisting. (FEATURE_FAILURE_GLXTEST_FAILED)
JavaScript warning: https://cdn.vidible.tv/prod/player/js/latest/vidible-min.js?ver=20200718, line 58: WebGL warning: <Create>: Can't use WebGL in headless mode (https://bugzil.la/1375585).
JavaScript warning: https://cdn.vidible.tv/prod/player/js/latest/vidible-min.js?ver=20200718, line 58: Failed to create WebGL context: WebGL creation failed: 
* Can't use WebGL in headless mode (https://bugzil.la/1375585).
JavaScript warning: https://aka-cdn.adtechus.com/media/moat/adtechbrands092348fjlsmdhlwsl239fh3df/moatad.js#moatClientLevel1=5113&moatClientLevel2=125930&moatClientLevel3=0&moatClientLevel4=3739767&zMoatMaster=3565047&zMoatFlight=5668851&zMoatBanner=26264538&zURL=https&zMoatPlacementId=3739767&zMoatAdId=5668851&zMoatCreative=0&zMoatBannerID=21&zMoatCustomVisp=50&zMoatCustomVist=1000&zMoatIsAdvisGoal=0&zMoatEventUrl=https://at.atwola.com/adcount/3.0/5113.1/3739767/0/170/AdId=5668851;BnId=21;ct=1647986900;st=5611;adcid=1;itime=58011584;reqtype=5;guid=1Ae9507342-c8c9-11ea-938e-0222aadd9742;;impref=15950580122155980806;imprefseq=20005618479871576;imprefts=1595058012;spaceid=1197802919;gdpr=0;us_privacy=1---;&zMoatSize=170&zMoatSubNetID=1&zMoatisSelected=0&zMoatadServer=at.atwola.com&zMoatadVisServer=&zMoatSamplingRate=5&zMoatliveTestCookie=&zMoatRefSeqId=YZTAHEwEHBA&zMoatImpRefTs=1595058012&zMoatAlias=93484976&zMoatVert=&zMoatBannerInfo=485483645, line 265: WebGL warning: <Create>: getContext: Disallowing antialiased backbuffers due to blacklisting. (FEATURE_FAILURE_GLXTEST_FAILED)
JavaScript warning: https://aka-cdn.adtechus.com/media/moat/adtechbrands092348fjlsmdhlwsl239fh3df/moatad.js#moatClientLevel1=5113&moatClientLevel2=125930&moatClientLevel3=0&moatClientLevel4=3739767&zMoatMaster=3565047&zMoatFlight=5668851&zMoatBanner=26264538&zURL=https&zMoatPlacementId=3739767&zMoatAdId=5668851&zMoatCreative=0&zMoatBannerID=21&zMoatCustomVisp=50&zMoatCustomVist=1000&zMoatIsAdvisGoal=0&zMoatEventUrl=https://at.atwola.com/adcount/3.0/5113.1/3739767/0/170/AdId=5668851;BnId=21;ct=1647986900;st=5611;adcid=1;itime=58011584;reqtype=5;guid=1Ae9507342-c8c9-11ea-938e-0222aadd9742;;impref=15950580122155980806;imprefseq=20005618479871576;imprefts=1595058012;spaceid=1197802919;gdpr=0;us_privacy=1---;&zMoatSize=170&zMoatSubNetID=1&zMoatisSelected=0&zMoatadServer=at.atwola.com&zMoatadVisServer=&zMoatSamplingRate=5&zMoatliveTestCookie=&zMoatRefSeqId=YZTAHEwEHBA&zMoatImpRefTs=1595058012&zMoatAlias=93484976&zMoatVert=&zMoatBannerInfo=485483645, line 265: WebGL warning: <Create>: Can't use WebGL in headless mode (https://bugzil.la/1375585).
JavaScript warning: https://aka-cdn.adtechus.com/media/moat/adtechbrands092348fjlsmdhlwsl239fh3df/moatad.js#moatClientLevel1=5113&moatClientLevel2=125930&moatClientLevel3=0&moatClientLevel4=3739767&zMoatMaster=3565047&zMoatFlight=5668851&zMoatBanner=26264538&zURL=https&zMoatPlacementId=3739767&zMoatAdId=5668851&zMoatCreative=0&zMoatBannerID=21&zMoatCustomVisp=50&zMoatCustomVist=1000&zMoatIsAdvisGoal=0&zMoatEventUrl=https://at.atwola.com/adcount/3.0/5113.1/3739767/0/170/AdId=5668851;BnId=21;ct=1647986900;st=5611;adcid=1;itime=58011584;reqtype=5;guid=1Ae9507342-c8c9-11ea-938e-0222aadd9742;;impref=15950580122155980806;imprefseq=20005618479871576;imprefts=1595058012;spaceid=1197802919;gdpr=0;us_privacy=1---;&zMoatSize=170&zMoatSubNetID=1&zMoatisSelected=0&zMoatadServer=at.atwola.com&zMoatadVisServer=&zMoatSamplingRate=5&zMoatliveTestCookie=&zMoatRefSeqId=YZTAHEwEHBA&zMoatImpRefTs=1595058012&zMoatAlias=93484976&zMoatVert=&zMoatBannerInfo=485483645, line 265: Failed to create WebGL context: WebGL creation failed: 
* Can't use WebGL in headless mode (https://bugzil.la/1375585).
JavaScript warning: https://aka-cdn.adtechus.com/media/moat/adtechbrands092348fjlsmdhlwsl239fh3df/moatad.js#moatClientLevel1=5113&moatClientLevel2=125930&moatClientLevel3=0&moatClientLevel4=3739767&zMoatMaster=3565047&zMoatFlight=5668851&zMoatBanner=26264538&zURL=https&zMoatPlacementId=3739767&zMoatAdId=5668851&zMoatCreative=0&zMoatBannerID=21&zMoatCustomVisp=50&zMoatCustomVist=1000&zMoatIsAdvisGoal=0&zMoatEventUrl=https://at.atwola.com/adcount/3.0/5113.1/3739767/0/170/AdId=5668851;BnId=21;ct=1647986900;st=5611;adcid=1;itime=58011584;reqtype=5;guid=1Ae9507342-c8c9-11ea-938e-0222aadd9742;;impref=15950580122155980806;imprefseq=20005618479871576;imprefts=1595058012;spaceid=1197802919;gdpr=0;us_privacy=1---;&zMoatSize=170&zMoatSubNetID=1&zMoatisSelected=0&zMoatadServer=at.atwola.com&zMoatadVisServer=&zMoatSamplingRate=5&zMoatliveTestCookie=&zMoatRefSeqId=YZTAHEwEHBA&zMoatImpRefTs=1595058012&zMoatAlias=93484976&zMoatVert=&zMoatBannerInfo=485483645, line 265: WebGL warning: <Create>: getContext: Disallowing antialiased backbuffers due to blacklisting. (FEATURE_FAILURE_GLXTEST_FAILED)
JavaScript warning: https://aka-cdn.adtechus.com/media/moat/adtechbrands092348fjlsmdhlwsl239fh3df/moatad.js#moatClientLevel1=5113&moatClientLevel2=125930&moatClientLevel3=0&moatClientLevel4=3739767&zMoatMaster=3565047&zMoatFlight=5668851&zMoatBanner=26264538&zURL=https&zMoatPlacementId=3739767&zMoatAdId=5668851&zMoatCreative=0&zMoatBannerID=21&zMoatCustomVisp=50&zMoatCustomVist=1000&zMoatIsAdvisGoal=0&zMoatEventUrl=https://at.atwola.com/adcount/3.0/5113.1/3739767/0/170/AdId=5668851;BnId=21;ct=1647986900;st=5611;adcid=1;itime=58011584;reqtype=5;guid=1Ae9507342-c8c9-11ea-938e-0222aadd9742;;impref=15950580122155980806;imprefseq=20005618479871576;imprefts=1595058012;spaceid=1197802919;gdpr=0;us_privacy=1---;&zMoatSize=170&zMoatSubNetID=1&zMoatisSelected=0&zMoatadServer=at.atwola.com&zMoatadVisServer=&zMoatSamplingRate=5&zMoatliveTestCookie=&zMoatRefSeqId=YZTAHEwEHBA&zMoatImpRefTs=1595058012&zMoatAlias=93484976&zMoatVert=&zMoatBannerInfo=485483645, line 265: WebGL warning: <Create>: Can't use WebGL in headless mode (https://bugzil.la/1375585).
JavaScript warning: https://aka-cdn.adtechus.com/media/moat/adtechbrands092348fjlsmdhlwsl239fh3df/moatad.js#moatClientLevel1=5113&moatClientLevel2=125930&moatClientLevel3=0&moatClientLevel4=3739767&zMoatMaster=3565047&zMoatFlight=5668851&zMoatBanner=26264538&zURL=https&zMoatPlacementId=3739767&zMoatAdId=5668851&zMoatCreative=0&zMoatBannerID=21&zMoatCustomVisp=50&zMoatCustomVist=1000&zMoatIsAdvisGoal=0&zMoatEventUrl=https://at.atwola.com/adcount/3.0/5113.1/3739767/0/170/AdId=5668851;BnId=21;ct=1647986900;st=5611;adcid=1;itime=58011584;reqtype=5;guid=1Ae9507342-c8c9-11ea-938e-0222aadd9742;;impref=15950580122155980806;imprefseq=20005618479871576;imprefts=1595058012;spaceid=1197802919;gdpr=0;us_privacy=1---;&zMoatSize=170&zMoatSubNetID=1&zMoatisSelected=0&zMoatadServer=at.atwola.com&zMoatadVisServer=&zMoatSamplingRate=5&zMoatliveTestCookie=&zMoatRefSeqId=YZTAHEwEHBA&zMoatImpRefTs=1595058012&zMoatAlias=93484976&zMoatVert=&zMoatBannerInfo=485483645, line 265: Failed to create WebGL context: WebGL creation failed: 
* Can't use WebGL in headless mode (https://bugzil.la/1375585).
1595058020993	Marionette	INFO	Stopped listening on port 45341
