1595001655831	mozrunner::runner	INFO	Running command: "/usr/bin/firefox" "-marionette" "-foreground" "-no-remote" "-profile" "/tmp/rust_mozprofileLD3uCT"
1595001658197	Marionette	INFO	Listening on port 35841
1595001658237	Marionette	WARN	TLS certificate errors will be ignored for this session
1595001659279	Marionette	INFO	Stopped listening on port 35841
1595001663780	mozrunner::runner	INFO	Running command: "/usr/bin/firefox" "-marionette" "-foreground" "-no-remote" "-profile" "/tmp/rust_mozprofilefdCp3e"
1595001666189	Marionette	INFO	Listening on port 36745
1595001666286	Marionette	WARN	TLS certificate errors will be ignored for this session
1595001670183	Marionette	INFO	Stopped listening on port 36745
1595001672697	mozrunner::runner	INFO	Running command: "/usr/bin/firefox" "-marionette" "-foreground" "-no-remote" "-profile" "/tmp/rust_mozprofileMmRUTy"
1595001674989	Marionette	INFO	Listening on port 34113
1595001675005	Marionette	WARN	TLS certificate errors will be ignored for this session
JavaScript warning: http://fs.jtbc.joins.com/common/ui/js/toplogomenuNEWS.js?v=20190925001, line 1194: unreachable code after return statement
JavaScript warning: http://fs.jtbc.joins.com/common/ui/js/toplogomenuNEWS.js?v=20190925001, line 1194: unreachable code after return statement
1595001680124	Marionette	INFO	Stopped listening on port 34113
1595001684638	mozrunner::runner	INFO	Running command: "/usr/bin/firefox" "-marionette" "-foreground" "-no-remote" "-profile" "/tmp/rust_mozprofile2vAOz2"
1595001686916	Marionette	INFO	Listening on port 40429
1595001686944	Marionette	WARN	TLS certificate errors will be ignored for this session
1595001693681	Marionette	INFO	Stopped listening on port 40429
IPDL protocol error: Handler returned error code!

###!!! [Parent][DispatchAsyncMessage] Error: PLayerTransaction::Msg_ReleaseLayer Processing error: message was deserialized, but the handler returned false (indicating failure)

1595001700094	mozrunner::runner	INFO	Running command: "/usr/bin/firefox" "-marionette" "-foreground" "-no-remote" "-profile" "/tmp/rust_mozprofileoA5eL1"
1595001702508	Marionette	INFO	Listening on port 40733
1595001702599	Marionette	WARN	TLS certificate errors will be ignored for this session
1595001706065	Marionette	INFO	Stopped listening on port 40733
1595001711568	mozrunner::runner	INFO	Running command: "/usr/bin/firefox" "-marionette" "-foreground" "-no-remote" "-profile" "/tmp/rust_mozprofilenfwy9b"
1595001713857	Marionette	INFO	Listening on port 32849
1595001713874	Marionette	WARN	TLS certificate errors will be ignored for this session
1595001733622	Marionette	INFO	Stopped listening on port 32849
1595434526266	mozrunner::runner	INFO	Running command: "/usr/bin/firefox" "-marionette" "-headless" "-foreground" "-no-remote" "-profile" "/tmp/rust_mozprofileBW1oP9"
*** You are running in headless mode.
1595434529328	Marionette	INFO	Listening on port 39991
1595434529374	Marionette	WARN	TLS certificate errors will be ignored for this session
1595434530699	Marionette	INFO	Stopped listening on port 39991
1595434543093	mozrunner::runner	INFO	Running command: "/usr/bin/firefox" "-marionette" "-headless" "-foreground" "-no-remote" "-profile" "/tmp/rust_mozprofilejJ0ZiJ"
*** You are running in headless mode.
1595434545316	Marionette	INFO	Listening on port 40337
1595434545403	Marionette	WARN	TLS certificate errors will be ignored for this session
1595434549329	Marionette	INFO	Stopped listening on port 40337

###!!! [Parent][RunMessage] Error: Channel closing: too late to send/recv, messages will be lost

1595434551734	mozrunner::runner	INFO	Running command: "/usr/bin/firefox" "-marionette" "-headless" "-foreground" "-no-remote" "-profile" "/tmp/rust_mozprofile2dQzkx"
*** You are running in headless mode.
1595434554045	Marionette	INFO	Listening on port 33165
1595434554146	Marionette	WARN	TLS certificate errors will be ignored for this session
JavaScript warning: http://fs.jtbc.joins.com/common/ui/js/toplogomenuNEWS.js?v=20190925001, line 1166: unreachable code after return statement
JavaScript warning: http://fs.jtbc.joins.com/common/ui/js/toplogomenuNEWS.js?v=20190925001, line 1166: unreachable code after return statement
1595434559524	Marionette	INFO	Stopped listening on port 33165
1595434564023	mozrunner::runner	INFO	Running command: "/usr/bin/firefox" "-marionette" "-headless" "-foreground" "-no-remote" "-profile" "/tmp/rust_mozprofileCaCjZm"
*** You are running in headless mode.
1595434566186	Marionette	INFO	Listening on port 44891
1595434566233	Marionette	WARN	TLS certificate errors will be ignored for this session
1595434572228	Marionette	INFO	Stopped listening on port 44891

###!!! [Child][MessageChannel] Error: (msgtype=0x5B0011,name=PHttpChannel::Msg___delete__) Channel closing: too late to send/recv, messages will be lost


###!!! [Child][RunMessage] Error: Channel closing: too late to send/recv, messages will be lost


###!!! [Child][RunMessage] Error: Channel closing: too late to send/recv, messages will be lost


###!!! [Child][RunMessage] Error: Channel closing: too late to send/recv, messages will be lost

1595434576736	mozrunner::runner	INFO	Running command: "/usr/bin/firefox" "-marionette" "-headless" "-foreground" "-no-remote" "-profile" "/tmp/rust_mozprofileWH06Gr"
*** You are running in headless mode.
1595434578952	Marionette	INFO	Listening on port 42613
1595434579042	Marionette	WARN	TLS certificate errors will be ignored for this session
1595434581732	Marionette	INFO	Stopped listening on port 42613
console.error: (new Error("SessionFile is closed", "resource:///modules/sessionstore/SessionFile.jsm", 433))

###!!! [Parent][RunMessage] Error: Channel closing: too late to send/recv, messages will be lost

1595434598264	mozrunner::runner	INFO	Running command: "/usr/bin/firefox" "-marionette" "-headless" "-foreground" "-no-remote" "-profile" "/tmp/rust_mozprofilewXjNx2"
*** You are running in headless mode.
1595434600146	Marionette	INFO	Listening on port 40031
1595434600214	Marionette	WARN	TLS certificate errors will be ignored for this session
JavaScript warning: https://cdn.vidible.tv/prod/player/js/latest/vidible-min.js?ver=20200722, line 58: WebGL warning: <Create>: getContext: Disallowing antialiased backbuffers due to blacklisting. (FEATURE_FAILURE_GLXTEST_FAILED)
JavaScript warning: https://cdn.vidible.tv/prod/player/js/latest/vidible-min.js?ver=20200722, line 58: WebGL warning: <Create>: Can't use WebGL in headless mode (https://bugzil.la/1375585).
JavaScript warning: https://cdn.vidible.tv/prod/player/js/latest/vidible-min.js?ver=20200722, line 58: Failed to create WebGL context: WebGL creation failed: 
* Can't use WebGL in headless mode (https://bugzil.la/1375585).
JavaScript warning: https://cdn.vidible.tv/prod/player/js/latest/vidible-min.js?ver=20200722, line 58: WebGL warning: <Create>: getContext: Disallowing antialiased backbuffers due to blacklisting. (FEATURE_FAILURE_GLXTEST_FAILED)
JavaScript warning: https://cdn.vidible.tv/prod/player/js/latest/vidible-min.js?ver=20200722, line 58: WebGL warning: <Create>: Can't use WebGL in headless mode (https://bugzil.la/1375585).
JavaScript warning: https://cdn.vidible.tv/prod/player/js/latest/vidible-min.js?ver=20200722, line 58: Failed to create WebGL context: WebGL creation failed: 
* Can't use WebGL in headless mode (https://bugzil.la/1375585).
JavaScript warning: https://aka-cdn.adtechus.com/media/moat/adtechbrands092348fjlsmdhlwsl239fh3df/moatad.js#moatClientLevel1=5113&moatClientLevel2=125930&moatClientLevel3=0&moatClientLevel4=3739779&zMoatMaster=3565047&zMoatFlight=5668851&zMoatBanner=23627151&zURL=https&zMoatPlacementId=3739779&zMoatAdId=5668851&zMoatCreative=0&zMoatBannerID=12&zMoatCustomVisp=50&zMoatCustomVist=1000&zMoatIsAdvisGoal=0&zMoatEventUrl=https://at.atwola.com/adcount/3.0/5113.1/3739779/0/225/AdId=5668851;BnId=12;ct=283483367;st=5755;adcid=1;itime=434604069;reqtype=5;guid=1Abc12b1ea-cc36-11ea-a7a2-0296eefc1056;;impref=1595434605159509630;imprefseq=188327732013203507;imprefts=1595434605;spaceid=1197802919;gdpr=0;us_privacy=1---;&zMoatSize=225&zMoatSubNetID=1&zMoatisSelected=0&zMoatadServer=at.atwola.com&zMoatadVisServer=&zMoatSamplingRate=5&zMoatliveTestCookie=&zMoatRefSeqId=zAIAQMxEdKA&zMoatImpRefTs=1595434605&zMoatAlias=93484988&zMoatVert=&zMoatBannerInfo=407659226, line 265: WebGL warning: <Create>: getContext: Disallowing antialiased backbuffers due to blacklisting. (FEATURE_FAILURE_GLXTEST_FAILED)
JavaScript warning: https://aka-cdn.adtechus.com/media/moat/adtechbrands092348fjlsmdhlwsl239fh3df/moatad.js#moatClientLevel1=5113&moatClientLevel2=125930&moatClientLevel3=0&moatClientLevel4=3739779&zMoatMaster=3565047&zMoatFlight=5668851&zMoatBanner=23627151&zURL=https&zMoatPlacementId=3739779&zMoatAdId=5668851&zMoatCreative=0&zMoatBannerID=12&zMoatCustomVisp=50&zMoatCustomVist=1000&zMoatIsAdvisGoal=0&zMoatEventUrl=https://at.atwola.com/adcount/3.0/5113.1/3739779/0/225/AdId=5668851;BnId=12;ct=283483367;st=5755;adcid=1;itime=434604069;reqtype=5;guid=1Abc12b1ea-cc36-11ea-a7a2-0296eefc1056;;impref=1595434605159509630;imprefseq=188327732013203507;imprefts=1595434605;spaceid=1197802919;gdpr=0;us_privacy=1---;&zMoatSize=225&zMoatSubNetID=1&zMoatisSelected=0&zMoatadServer=at.atwola.com&zMoatadVisServer=&zMoatSamplingRate=5&zMoatliveTestCookie=&zMoatRefSeqId=zAIAQMxEdKA&zMoatImpRefTs=1595434605&zMoatAlias=93484988&zMoatVert=&zMoatBannerInfo=407659226, line 265: WebGL warning: <Create>: Can't use WebGL in headless mode (https://bugzil.la/1375585).
JavaScript warning: https://aka-cdn.adtechus.com/media/moat/adtechbrands092348fjlsmdhlwsl239fh3df/moatad.js#moatClientLevel1=5113&moatClientLevel2=125930&moatClientLevel3=0&moatClientLevel4=3739779&zMoatMaster=3565047&zMoatFlight=5668851&zMoatBanner=23627151&zURL=https&zMoatPlacementId=3739779&zMoatAdId=5668851&zMoatCreative=0&zMoatBannerID=12&zMoatCustomVisp=50&zMoatCustomVist=1000&zMoatIsAdvisGoal=0&zMoatEventUrl=https://at.atwola.com/adcount/3.0/5113.1/3739779/0/225/AdId=5668851;BnId=12;ct=283483367;st=5755;adcid=1;itime=434604069;reqtype=5;guid=1Abc12b1ea-cc36-11ea-a7a2-0296eefc1056;;impref=1595434605159509630;imprefseq=188327732013203507;imprefts=1595434605;spaceid=1197802919;gdpr=0;us_privacy=1---;&zMoatSize=225&zMoatSubNetID=1&zMoatisSelected=0&zMoatadServer=at.atwola.com&zMoatadVisServer=&zMoatSamplingRate=5&zMoatliveTestCookie=&zMoatRefSeqId=zAIAQMxEdKA&zMoatImpRefTs=1595434605&zMoatAlias=93484988&zMoatVert=&zMoatBannerInfo=407659226, line 265: Failed to create WebGL context: WebGL creation failed: 
* Can't use WebGL in headless mode (https://bugzil.la/1375585).
JavaScript warning: https://aka-cdn.adtechus.com/media/moat/adtechbrands092348fjlsmdhlwsl239fh3df/moatad.js#moatClientLevel1=5113&moatClientLevel2=125930&moatClientLevel3=0&moatClientLevel4=3739779&zMoatMaster=3565047&zMoatFlight=5668851&zMoatBanner=23627151&zURL=https&zMoatPlacementId=3739779&zMoatAdId=5668851&zMoatCreative=0&zMoatBannerID=12&zMoatCustomVisp=50&zMoatCustomVist=1000&zMoatIsAdvisGoal=0&zMoatEventUrl=https://at.atwola.com/adcount/3.0/5113.1/3739779/0/225/AdId=5668851;BnId=12;ct=283483367;st=5755;adcid=1;itime=434604069;reqtype=5;guid=1Abc12b1ea-cc36-11ea-a7a2-0296eefc1056;;impref=1595434605159509630;imprefseq=188327732013203507;imprefts=1595434605;spaceid=1197802919;gdpr=0;us_privacy=1---;&zMoatSize=225&zMoatSubNetID=1&zMoatisSelected=0&zMoatadServer=at.atwola.com&zMoatadVisServer=&zMoatSamplingRate=5&zMoatliveTestCookie=&zMoatRefSeqId=zAIAQMxEdKA&zMoatImpRefTs=1595434605&zMoatAlias=93484988&zMoatVert=&zMoatBannerInfo=407659226, line 265: WebGL warning: <Create>: getContext: Disallowing antialiased backbuffers due to blacklisting. (FEATURE_FAILURE_GLXTEST_FAILED)
JavaScript warning: https://aka-cdn.adtechus.com/media/moat/adtechbrands092348fjlsmdhlwsl239fh3df/moatad.js#moatClientLevel1=5113&moatClientLevel2=125930&moatClientLevel3=0&moatClientLevel4=3739779&zMoatMaster=3565047&zMoatFlight=5668851&zMoatBanner=23627151&zURL=https&zMoatPlacementId=3739779&zMoatAdId=5668851&zMoatCreative=0&zMoatBannerID=12&zMoatCustomVisp=50&zMoatCustomVist=1000&zMoatIsAdvisGoal=0&zMoatEventUrl=https://at.atwola.com/adcount/3.0/5113.1/3739779/0/225/AdId=5668851;BnId=12;ct=283483367;st=5755;adcid=1;itime=434604069;reqtype=5;guid=1Abc12b1ea-cc36-11ea-a7a2-0296eefc1056;;impref=1595434605159509630;imprefseq=188327732013203507;imprefts=1595434605;spaceid=1197802919;gdpr=0;us_privacy=1---;&zMoatSize=225&zMoatSubNetID=1&zMoatisSelected=0&zMoatadServer=at.atwola.com&zMoatadVisServer=&zMoatSamplingRate=5&zMoatliveTestCookie=&zMoatRefSeqId=zAIAQMxEdKA&zMoatImpRefTs=1595434605&zMoatAlias=93484988&zMoatVert=&zMoatBannerInfo=407659226, line 265: WebGL warning: <Create>: Can't use WebGL in headless mode (https://bugzil.la/1375585).
JavaScript warning: https://aka-cdn.adtechus.com/media/moat/adtechbrands092348fjlsmdhlwsl239fh3df/moatad.js#moatClientLevel1=5113&moatClientLevel2=125930&moatClientLevel3=0&moatClientLevel4=3739779&zMoatMaster=3565047&zMoatFlight=5668851&zMoatBanner=23627151&zURL=https&zMoatPlacementId=3739779&zMoatAdId=5668851&zMoatCreative=0&zMoatBannerID=12&zMoatCustomVisp=50&zMoatCustomVist=1000&zMoatIsAdvisGoal=0&zMoatEventUrl=https://at.atwola.com/adcount/3.0/5113.1/3739779/0/225/AdId=5668851;BnId=12;ct=283483367;st=5755;adcid=1;itime=434604069;reqtype=5;guid=1Abc12b1ea-cc36-11ea-a7a2-0296eefc1056;;impref=1595434605159509630;imprefseq=188327732013203507;imprefts=1595434605;spaceid=1197802919;gdpr=0;us_privacy=1---;&zMoatSize=225&zMoatSubNetID=1&zMoatisSelected=0&zMoatadServer=at.atwola.com&zMoatadVisServer=&zMoatSamplingRate=5&zMoatliveTestCookie=&zMoatRefSeqId=zAIAQMxEdKA&zMoatImpRefTs=1595434605&zMoatAlias=93484988&zMoatVert=&zMoatBannerInfo=407659226, line 265: Failed to create WebGL context: WebGL creation failed: 
* Can't use WebGL in headless mode (https://bugzil.la/1375585).
1595434611577	Marionette	INFO	Stopped listening on port 40031

###!!! [Child][RunMessage] Error: Channel closing: too late to send/recv, messages will be lost

